<?xml version="1.0" encoding="UTF-8" ?>
<testsuite failures="0" time="0.031" errors="0" skipped="0" tests="12" name="com.vote.dao.ActionRoleMapperTest">
  <properties>
    <property name="idea.version" value="15.0.6"/>
    <property name="java.runtime.name" value="Java(TM) SE Runtime Environment"/>
    <property name="sun.boot.library.path" value="D:\Program Files\Java\jdk1.7.0_51\jre\bin"/>
    <property name="java.vm.version" value="24.51-b03"/>
    <property name="java.vm.vendor" value="Oracle Corporation"/>
    <property name="java.vendor.url" value="http://java.oracle.com/"/>
    <property name="path.separator" value=";"/>
    <property name="guice.disable.misplaced.annotation.check" value="true"/>
    <property name="java.vm.name" value="Java HotSpot(TM) 64-Bit Server VM"/>
    <property name="file.encoding.pkg" value="sun.io"/>
    <property name="idea.launcher.port" value="7532"/>
    <property name="user.script" value=""/>
    <property name="user.country" value="CN"/>
    <property name="sun.java.launcher" value="SUN_STANDARD"/>
    <property name="sun.os.patch.level" value=""/>
    <property name="java.vm.specification.name" value="Java Virtual Machine Specification"/>
    <property name="user.dir" value="E:\IdeaWorkSpace\vote"/>
    <property name="java.runtime.version" value="1.7.0_51-b13"/>
    <property name="java.awt.graphicsenv" value="sun.awt.Win32GraphicsEnvironment"/>
    <property name="java.endorsed.dirs" value="D:\Program Files\Java\jdk1.7.0_51\jre\lib\endorsed"/>
    <property name="os.arch" value="amd64"/>
    <property name="java.io.tmpdir" value="C:\Users\admin\AppData\Local\Temp\"/>
    <property name="line.separator" value="
"/>
    <property name="java.vm.specification.vendor" value="Oracle Corporation"/>
    <property name="user.variant" value=""/>
    <property name="os.name" value="Windows 8"/>
    <property name="classworlds.conf" value="D:\Program Files\JetBrains\IntelliJ IDEA 15.0.6\plugins\maven\lib\maven3\bin\m2.conf"/>
    <property name="sun.jnu.encoding" value="GBK"/>
    <property name="java.library.path" value="D:\Program Files\Java\jdk1.7.0_51\bin;C:\Windows\Sun\Java\bin;C:\Windows\system32;C:\Windows;C:\Windows\system32;C:\Windows;C:\Windows\System32\Wbem;C:\Windows\System32\WindowsPowerShell\v1.0\;C:\Program Files\MySQL\MySQL Server 5.5\bin;C:\Program Files (x86)\Microsoft SQL Server\100\Tools\Binn\;C:\Program Files\Microsoft SQL Server\100\Tools\Binn\;C:\Program Files\Microsoft SQL Server\100\DTS\Binn\;C:\Program Files (x86)\Microsoft SQL Server\100\Tools\Binn\VSShell\Common7\IDE\;C:\Program Files (x86)\Microsoft Visual Studio 9.0\Common7\IDE\PrivateAssemblies\;C:\Program Files (x86)\Microsoft SQL Server\100\DTS\Binn\;C:\Program Files (x86)\EgisTec BioExcess\x64;E:\softwore\maven-3.2.5\apache-maven-3.2.5\bin;D:\Program Files\Java\jdk1.7.0_51\bin;d:\Program Files\Git\cmd;."/>
    <property name="java.specification.name" value="Java Platform API Specification"/>
    <property name="java.class.version" value="51.0"/>
    <property name="sun.management.compiler" value="HotSpot 64-Bit Tiered Compilers"/>
    <property name="os.version" value="6.2"/>
    <property name="user.home" value="C:\Users\admin"/>
    <property name="user.timezone" value="Asia/Shanghai"/>
    <property name="java.awt.printerjob" value="sun.awt.windows.WPrinterJob"/>
    <property name="java.specification.version" value="1.7"/>
    <property name="idea.launcher.bin.path" value="D:\Program Files\JetBrains\IntelliJ IDEA 15.0.6\bin"/>
    <property name="file.encoding" value="UTF-8"/>
    <property name="user.name" value="admin"/>
    <property name="java.class.path" value="D:\Program Files\JetBrains\IntelliJ IDEA 15.0.6\plugins\maven\lib\maven3\boot\plexus-classworlds-2.4.jar;D:\Program Files\JetBrains\IntelliJ IDEA 15.0.6\lib\idea_rt.jar"/>
    <property name="java.vm.specification.version" value="1.7"/>
    <property name="sun.arch.data.model" value="64"/>
    <property name="java.home" value="D:\Program Files\Java\jdk1.7.0_51\jre"/>
    <property name="sun.java.command" value="com.intellij.rt.execution.application.AppMain org.codehaus.classworlds.Launcher -Didea.version=15.0.6 -s E:\softwore\maven-3.2.5\apache-maven-3.2.5\conf\settings.xml install"/>
    <property name="java.specification.vendor" value="Oracle Corporation"/>
    <property name="user.language" value="zh"/>
    <property name="awt.toolkit" value="sun.awt.windows.WToolkit"/>
    <property name="java.vm.info" value="mixed mode"/>
    <property name="java.version" value="1.7.0_51"/>
    <property name="java.ext.dirs" value="D:\Program Files\Java\jdk1.7.0_51\jre\lib\ext;C:\Windows\Sun\Java\lib\ext"/>
    <property name="sun.boot.class.path" value="D:\Program Files\Java\jdk1.7.0_51\jre\lib\resources.jar;D:\Program Files\Java\jdk1.7.0_51\jre\lib\rt.jar;D:\Program Files\Java\jdk1.7.0_51\jre\lib\sunrsasign.jar;D:\Program Files\Java\jdk1.7.0_51\jre\lib\jsse.jar;D:\Program Files\Java\jdk1.7.0_51\jre\lib\jce.jar;D:\Program Files\Java\jdk1.7.0_51\jre\lib\charsets.jar;D:\Program Files\Java\jdk1.7.0_51\jre\lib\jfr.jar;D:\Program Files\Java\jdk1.7.0_51\jre\classes"/>
    <property name="java.vendor" value="Oracle Corporation"/>
    <property name="maven.home" value="D:\Program Files\JetBrains\IntelliJ IDEA 15.0.6\plugins\maven\lib\maven3"/>
    <property name="file.separator" value="\"/>
    <property name="java.vendor.url.bug" value="http://bugreport.sun.com/bugreport/"/>
    <property name="sun.cpu.endian" value="little"/>
    <property name="sun.io.unicode.encoding" value="UnicodeLittle"/>
    <property name="sun.desktop" value="windows"/>
    <property name="sun.cpu.isalist" value="amd64"/>
  </properties>
  <testcase time="0.006" classname="com.vote.dao.ActionRoleMapperTest" name="testUpdateByPrimaryKeySelective"/>
  <testcase time="0.001" classname="com.vote.dao.ActionRoleMapperTest" name="testDeleteByPrimaryKey"/>
  <testcase time="0.019" classname="com.vote.dao.ActionRoleMapperTest" name="testQueryRoleList"/>
  <testcase time="0" classname="com.vote.dao.ActionRoleMapperTest" name="testUpdateByPrimaryKey"/>
  <testcase time="0.001" classname="com.vote.dao.ActionRoleMapperTest" name="testSelectRoleList"/>
  <testcase time="0" classname="com.vote.dao.ActionRoleMapperTest" name="testRoleDelete"/>
  <testcase time="0.001" classname="com.vote.dao.ActionRoleMapperTest" name="testRoleEditOk"/>
  <testcase time="0" classname="com.vote.dao.ActionRoleMapperTest" name="testRoleEdit"/>
  <testcase time="0.001" classname="com.vote.dao.ActionRoleMapperTest" name="testInsertSelective"/>
  <testcase time="0.001" classname="com.vote.dao.ActionRoleMapperTest" name="testRoleAdd"/>
  <testcase time="0" classname="com.vote.dao.ActionRoleMapperTest" name="testSelectByPrimaryKey"/>
  <testcase time="0.001" classname="com.vote.dao.ActionRoleMapperTest" name="testInsert"/>
</testsuite>